reached the end of the file ../data/PKU_MOOC/training.csv
reached the end of the file ../data/PKU_MOOC/testing.csv
Average loss at step (0/10001): 0.215495
Average loss at step (100/10001): 0.315659
Average loss at step (200/10001): 0.341164
Average loss at step (300/10001): 0.382142
Average loss at step (400/10001): 0.428874
Average loss at step (500/10001): 0.370541
AUC score: 0.689265238345
Model saved in ../model/model.ckpt
Average loss at step (600/10001): 0.453825
Average loss at step (700/10001): 0.425532
Average loss at step (800/10001): 0.417914
Average loss at step (900/10001): 0.454301
Average loss at step (1000/10001): 0.388288
AUC score: 0.733474108153
Model saved in ../model/model.ckpt
Average loss at step (1100/10001): 0.442010
Average loss at step (1200/10001): 0.405313
Average loss at step (1300/10001): 0.413829
Average loss at step (1400/10001): 0.431017
Average loss at step (1500/10001): 0.401779
AUC score: 0.743570421787
Model saved in ../model/model.ckpt
Average loss at step (1600/10001): 0.450198
Average loss at step (1700/10001): 0.382514
Average loss at step (1800/10001): 0.412758
Average loss at step (1900/10001): 0.432589
Average loss at step (2000/10001): 0.393191
AUC score: 0.748450473171
Model saved in ../model/model.ckpt
Average loss at step (2100/10001): 0.444248
Average loss at step (2200/10001): 0.380197
Average loss at step (2300/10001): 0.423489
Average loss at step (2400/10001): 0.412937
Average loss at step (2500/10001): 0.393307
AUC score: 0.754294465058
Model saved in ../model/model.ckpt
Average loss at step (2600/10001): 0.423718
Average loss at step (2700/10001): 0.392191
Average loss at step (2800/10001): 0.431963
Average loss at step (2900/10001): 0.391793
Average loss at step (3000/10001): 0.399234
AUC score: 0.756990362196
Model saved in ../model/model.ckpt
Average loss at step (3100/10001): 0.426972
Average loss at step (3200/10001): 0.391417
Average loss at step (3300/10001): 0.428082
Average loss at step (3400/10001): 0.388874
Average loss at step (3500/10001): 0.408904
AUC score: 0.759991833801
Model saved in ../model/model.ckpt
Average loss at step (3600/10001): 0.409049
Average loss at step (3700/10001): 0.398174
Average loss at step (3800/10001): 0.414081
Average loss at step (3900/10001): 0.398298
Average loss at step (4000/10001): 0.417425
AUC score: 0.761295149319
Model saved in ../model/model.ckpt
Average loss at step (4100/10001): 0.401203
Average loss at step (4200/10001): 0.398882
Average loss at step (4300/10001): 0.419223
Average loss at step (4400/10001): 0.399008
Average loss at step (4500/10001): 0.421948
AUC score: 0.76235271151
Model saved in ../model/model.ckpt
Average loss at step (4600/10001): 0.395177
Average loss at step (4700/10001): 0.403388
Average loss at step (4800/10001): 0.410221
Average loss at step (4900/10001): 0.401950
Average loss at step (5000/10001): 0.413629
AUC score: 0.763413960386
Model saved in ../model/model.ckpt
Average loss at step (5100/10001): 0.400259
Average loss at step (5200/10001): 0.412114
Average loss at step (5300/10001): 0.400882
Average loss at step (5400/10001): 0.398564
Average loss at step (5500/10001): 0.417233
AUC score: 0.76360622013
Model saved in ../model/model.ckpt
Average loss at step (5600/10001): 0.399960
Average loss at step (5700/10001): 0.418255
Average loss at step (5800/10001): 0.393936
Average loss at step (5900/10001): 0.397797
Average loss at step (6000/10001): 0.413060
AUC score: 0.763714838694
Model saved in ../model/model.ckpt
Average loss at step (6100/10001): 0.399297
Average loss at step (6200/10001): 0.418055
Average loss at step (6300/10001): 0.396602
Average loss at step (6400/10001): 0.409825
Average loss at step (6500/10001): 0.402861
AUC score: 0.76378225622
Model saved in ../model/model.ckpt
Average loss at step (6600/10001): 0.400821
Average loss at step (6700/10001): 0.417728
Average loss at step (6800/10001): 0.404091
Average loss at step (6900/10001): 0.419275
Average loss at step (7000/10001): 0.394884
AUC score: 0.763710514054
Model saved in ../model/model.ckpt
Average loss at step (7100/10001): 0.400742
Average loss at step (7200/10001): 0.414158
Average loss at step (7300/10001): 0.399258
Average loss at step (7400/10001): 0.421307
Average loss at step (7500/10001): 0.396725
AUC score: 0.764276047494
Model saved in ../model/model.ckpt
Average loss at step (7600/10001): 0.407318
Average loss at step (7700/10001): 0.405288
Average loss at step (7800/10001): 0.399488
Average loss at step (7900/10001): 0.415043
Average loss at step (8000/10001): 0.404816
AUC score: 0.764359229992
Model saved in ../model/model.ckpt
Average loss at step (8100/10001): 0.416663
Average loss at step (8200/10001): 0.398164
Average loss at step (8300/10001): 0.397796
Average loss at step (8400/10001): 0.416893
Average loss at step (8500/10001): 0.397631
AUC score: 0.764443131464
Model saved in ../model/model.ckpt
Average loss at step (8600/10001): 0.421653
Average loss at step (8700/10001): 0.397037
Average loss at step (8800/10001): 0.405971
Average loss at step (8900/10001): 0.406393
Average loss at step (9000/10001): 0.400018
AUC score: 0.764702086045
Model saved in ../model/model.ckpt
Average loss at step (9100/10001): 0.413698
Average loss at step (9200/10001): 0.403450
Average loss at step (9300/10001): 0.420004
Average loss at step (9400/10001): 0.397864
Average loss at step (9500/10001): 0.396265
AUC score: 0.764655710369
Model saved in ../model/model.ckpt
Average loss at step (9600/10001): 0.418998
Average loss at step (9700/10001): 0.399050
Average loss at step (9800/10001): 0.425954
Average loss at step (9900/10001): 0.394053
Average loss at step (10000/10001): 0.403492
AUC score: 0.764891502849
Model saved in ../model/model.ckpt
reached the end of the file ../data/PKU_MOOC/training.csv
reached the end of the file ../data/PKU_MOOC/testing.csv
Average loss at step (0/10001): 0.152712
Average loss at step (100/10001): 0.388459
Average loss at step (200/10001): 0.371156
Average loss at step (300/10001): 0.391701
Average loss at step (400/10001): 0.419466
Average loss at step (500/10001): 0.350063
AUC score: 0.740340259678
Model saved in ../model/model.ckpt
Average loss at step (600/10001): 0.391658
Average loss at step (700/10001): 0.386652
Average loss at step (800/10001): 0.361120
Average loss at step (900/10001): 0.389407
Average loss at step (1000/10001): 0.339433
AUC score: 0.764225710393
Model saved in ../model/model.ckpt
Average loss at step (1100/10001): 0.368823
Average loss at step (1200/10001): 0.363619
Average loss at step (1300/10001): 0.352242
Average loss at step (1400/10001): 0.364680
Average loss at step (1500/10001): 0.338645
AUC score: 0.770457981714
Model saved in ../model/model.ckpt
Average loss at step (1600/10001): 0.368618
Average loss at step (1700/10001): 0.323865
Average loss at step (1800/10001): 0.353937
Average loss at step (1900/10001): 0.350990
Average loss at step (2000/10001): 0.346872
AUC score: 0.773091822296
Model saved in ../model/model.ckpt
Average loss at step (2100/10001): 0.368010
Average loss at step (2200/10001): 0.329390
Average loss at step (2300/10001): 0.355575
Average loss at step (2400/10001): 0.344308
Average loss at step (2500/10001): 0.362630
AUC score: 0.775254418462
Model saved in ../model/model.ckpt
Average loss at step (2600/10001): 0.356877
Average loss at step (2700/10001): 0.352862
Average loss at step (2800/10001): 0.360969
Average loss at step (2900/10001): 0.350467
Average loss at step (3000/10001): 0.354986
AUC score: 0.776435306777
Model saved in ../model/model.ckpt
Average loss at step (3100/10001): 0.355848
Average loss at step (3200/10001): 0.355641
Average loss at step (3300/10001): 0.365950
Average loss at step (3400/10001): 0.347148
Average loss at step (3500/10001): 0.358174
AUC score: 0.777515774262
Model saved in ../model/model.ckpt
Average loss at step (3600/10001): 0.347591
Average loss at step (3700/10001): 0.366363
Average loss at step (3800/10001): 0.357364
Average loss at step (3900/10001): 0.359897
Average loss at step (4000/10001): 0.369633
AUC score: 0.778800209656
Model saved in ../model/model.ckpt
Average loss at step (4100/10001): 0.357710
Average loss at step (4200/10001): 0.377680
Average loss at step (4300/10001): 0.357522
Average loss at step (4400/10001): 0.372444
Average loss at step (4500/10001): 0.371944
AUC score: 0.781532113193
Model saved in ../model/model.ckpt
Average loss at step (4600/10001): 0.350999
Average loss at step (4700/10001): 0.377703
Average loss at step (4800/10001): 0.349596
Average loss at step (4900/10001): 0.377956
Average loss at step (5000/10001): 0.366731
AUC score: 0.782731059273
Model saved in ../model/model.ckpt
Average loss at step (5100/10001): 0.361561
Average loss at step (5200/10001): 0.369647
Average loss at step (5300/10001): 0.353359
Average loss at step (5400/10001): 0.378985
Average loss at step (5500/10001): 0.357452
AUC score: 0.78273386388
Model saved in ../model/model.ckpt
Average loss at step (5600/10001): 0.370527
Average loss at step (5700/10001): 0.369695
Average loss at step (5800/10001): 0.351316
Average loss at step (5900/10001): 0.375082
Average loss at step (6000/10001): 0.352768
AUC score: 0.782733669833
Model saved in ../model/model.ckpt
Average loss at step (6100/10001): 0.376568
Average loss at step (6200/10001): 0.368656
Average loss at step (6300/10001): 0.358280
Average loss at step (6400/10001): 0.370983
Average loss at step (6500/10001): 0.350035
AUC score: 0.782697930043
Model saved in ../model/model.ckpt
Average loss at step (6600/10001): 0.379856
Average loss at step (6700/10001): 0.357986
Average loss at step (6800/10001): 0.370965
Average loss at step (6900/10001): 0.370166
Average loss at step (7000/10001): 0.348271
AUC score: 0.782854329965
Model saved in ../model/model.ckpt
Average loss at step (7100/10001): 0.375417
Average loss at step (7200/10001): 0.356149
Average loss at step (7300/10001): 0.371281
Average loss at step (7400/10001): 0.370926
Average loss at step (7500/10001): 0.355274
AUC score: 0.782731215433
Model saved in ../model/model.ckpt
Average loss at step (7600/10001): 0.368333
Average loss at step (7700/10001): 0.349942
Average loss at step (7800/10001): 0.378836
Average loss at step (7900/10001): 0.359753
Average loss at step (8000/10001): 0.365225
AUC score: 0.782692529691
Model saved in ../model/model.ckpt
Average loss at step (8100/10001): 0.366849
Average loss at step (8200/10001): 0.352350
Average loss at step (8300/10001): 0.372758
Average loss at step (8400/10001): 0.356515
Average loss at step (8500/10001): 0.373518
AUC score: 0.782910896295
Model saved in ../model/model.ckpt
Average loss at step (8600/10001): 0.372841
Average loss at step (8700/10001): 0.351852
Average loss at step (8800/10001): 0.367030
Average loss at step (8900/10001): 0.352975
Average loss at step (9000/10001): 0.377876
AUC score: 0.782828950906
Model saved in ../model/model.ckpt
Average loss at step (9100/10001): 0.361385
Average loss at step (9200/10001): 0.367647
Average loss at step (9300/10001): 0.369575
Average loss at step (9400/10001): 0.351338
Average loss at step (9500/10001): 0.372679
AUC score: 0.782794914486
Model saved in ../model/model.ckpt
Average loss at step (9600/10001): 0.359624
Average loss at step (9700/10001): 0.371627
Average loss at step (9800/10001): 0.374486
Average loss at step (9900/10001): 0.348140
Average loss at step (10000/10001): 0.371206
AUC score: 0.782654940446
Model saved in ../model/model.ckpt
reached the end of the file ../data/PKU_MOOC/training.csv
reached the end of the file ../data/PKU_MOOC/testing.csv
Average loss at step (0/10001): 0.401465
Average loss at step (100/10001): 0.357960
Average loss at step (200/10001): 0.364222
Average loss at step (300/10001): 0.410496
Average loss at step (400/10001): 0.419224
Average loss at step (500/10001): 0.374262
AUC score: 0.75378768602
Model saved in ../model/model.ckpt
Average loss at step (600/10001): 0.393129
Average loss at step (700/10001): 0.391708
Average loss at step (800/10001): 0.407143
Average loss at step (900/10001): 0.394613
Average loss at step (1000/10001): 0.382346
AUC score: 0.77527662441
Model saved in ../model/model.ckpt
Average loss at step (1100/10001): 0.392552
Average loss at step (1200/10001): 0.372928
Average loss at step (1300/10001): 0.392923
Average loss at step (1400/10001): 0.370146
Average loss at step (1500/10001): 0.377147
AUC score: 0.778276637438
Model saved in ../model/model.ckpt
Average loss at step (1600/10001): 0.381433
Average loss at step (1700/10001): 0.360355
Average loss at step (1800/10001): 0.385315
Average loss at step (1900/10001): 0.365525
Average loss at step (2000/10001): 0.378658
AUC score: 0.781541817236
Model saved in ../model/model.ckpt
Average loss at step (2100/10001): 0.384117
Average loss at step (2200/10001): 0.350247
Average loss at step (2300/10001): 0.384138
Average loss at step (2400/10001): 0.361899
Average loss at step (2500/10001): 0.380416
AUC score: 0.782263183702
Model saved in ../model/model.ckpt
Average loss at step (2600/10001): 0.367016
Average loss at step (2700/10001): 0.365621
Average loss at step (2800/10001): 0.379533
Average loss at step (2900/10001): 0.350606
Average loss at step (3000/10001): 0.378799
AUC score: 0.783147969724
Model saved in ../model/model.ckpt
Average loss at step (3100/10001): 0.362277
Average loss at step (3200/10001): 0.368930
Average loss at step (3300/10001): 0.378203
Average loss at step (3400/10001): 0.348757
Average loss at step (3500/10001): 0.383334
AUC score: 0.783606877297
Model saved in ../model/model.ckpt
Average loss at step (3600/10001): 0.349695
Average loss at step (3700/10001): 0.379351
Average loss at step (3800/10001): 0.365229
Average loss at step (3900/10001): 0.357311
Average loss at step (4000/10001): 0.375936
AUC score: 0.783650676991
Model saved in ../model/model.ckpt
Average loss at step (4100/10001): 0.348068
Average loss at step (4200/10001): 0.376806
Average loss at step (4300/10001): 0.361462
Average loss at step (4400/10001): 0.366559
Average loss at step (4500/10001): 0.375461
AUC score: 0.783947220055
Model saved in ../model/model.ckpt
Average loss at step (4600/10001): 0.346496
Average loss at step (4700/10001): 0.378339
Average loss at step (4800/10001): 0.351552
Average loss at step (4900/10001): 0.374178
Average loss at step (5000/10001): 0.365260
AUC score: 0.784244767234
Model saved in ../model/model.ckpt
Average loss at step (5100/10001): 0.354739
Average loss at step (5200/10001): 0.374332
Average loss at step (5300/10001): 0.349522
Average loss at step (5400/10001): 0.375073
Average loss at step (5500/10001): 0.359531
AUC score: 0.784241727878
Model saved in ../model/model.ckpt
Average loss at step (5600/10001): 0.365182
Average loss at step (5700/10001): 0.373770
Average loss at step (5800/10001): 0.346728
Average loss at step (5900/10001): 0.380456
Average loss at step (6000/10001): 0.351897
AUC score: 0.78421485632
Model saved in ../model/model.ckpt
Average loss at step (6100/10001): 0.370043
Average loss at step (6200/10001): 0.368520
Average loss at step (6300/10001): 0.351568
Average loss at step (6400/10001): 0.374054
Average loss at step (6500/10001): 0.346820
AUC score: 0.784350248902
Model saved in ../model/model.ckpt
Average loss at step (6600/10001): 0.377160
Average loss at step (6700/10001): 0.361432
Average loss at step (6800/10001): 0.363728
Average loss at step (6900/10001): 0.373084
Average loss at step (7000/10001): 0.345318
AUC score: 0.784385503574
Model saved in ../model/model.ckpt
Average loss at step (7100/10001): 0.378441
Average loss at step (7200/10001): 0.354356
Average loss at step (7300/10001): 0.368430
Average loss at step (7400/10001): 0.371726
Average loss at step (7500/10001): 0.350854
AUC score: 0.784278536095
Model saved in ../model/model.ckpt
Average loss at step (7600/10001): 0.374156
Average loss at step (7700/10001): 0.348344
Average loss at step (7800/10001): 0.377347
Average loss at step (7900/10001): 0.361837
Average loss at step (8000/10001): 0.360248
AUC score: 0.78441830337
Model saved in ../model/model.ckpt
Average loss at step (8100/10001): 0.370119
Average loss at step (8200/10001): 0.349241
Average loss at step (8300/10001): 0.375447
Average loss at step (8400/10001): 0.357253
Average loss at step (8500/10001): 0.367102
AUC score: 0.784425516957
Model saved in ../model/model.ckpt
Average loss at step (8600/10001): 0.375052
Average loss at step (8700/10001): 0.350493
Average loss at step (8800/10001): 0.370761
Average loss at step (8900/10001): 0.350802
Average loss at step (9000/10001): 0.374794
AUC score: 0.784301849068
Model saved in ../model/model.ckpt
Average loss at step (9100/10001): 0.362041
Average loss at step (9200/10001): 0.362177
Average loss at step (9300/10001): 0.374137
Average loss at step (9400/10001): 0.347978
Average loss at step (9500/10001): 0.374609
AUC score: 0.784277083918
Model saved in ../model/model.ckpt
Average loss at step (9600/10001): 0.359697
Average loss at step (9700/10001): 0.367808
Average loss at step (9800/10001): 0.372983
Average loss at step (9900/10001): 0.345248
Average loss at step (10000/10001): 0.375409
AUC score: 0.784327325129
Model saved in ../model/model.ckpt
reached the end of the file ../data/PKU_MOOC/training.csv
reached the end of the file ../data/PKU_MOOC/testing.csv
Average loss at step (0/10001): 0.315408
Average loss at step (100/10001): 0.396977
Average loss at step (200/10001): 0.353149
Average loss at step (300/10001): 0.383161
Average loss at step (400/10001): 0.386889
Average loss at step (500/10001): 0.382903
AUC score: 0.755137303189
Model saved in ../model/model.ckpt
Average loss at step (600/10001): 0.386175
Average loss at step (700/10001): 0.380628
Average loss at step (800/10001): 0.377591
Average loss at step (900/10001): 0.389370
Average loss at step (1000/10001): 0.371120
AUC score: 0.778534301658
Model saved in ../model/model.ckpt
Average loss at step (1100/10001): 0.374273
Average loss at step (1200/10001): 0.364761
Average loss at step (1300/10001): 0.358976
Average loss at step (1400/10001): 0.365481
Average loss at step (1500/10001): 0.360526
AUC score: 0.773454051424
Model saved in ../model/model.ckpt
Average loss at step (1600/10001): 0.359400
Average loss at step (1700/10001): 0.354821
Average loss at step (1800/10001): 0.364204
Average loss at step (1900/10001): 0.358625
Average loss at step (2000/10001): 0.356109
AUC score: 0.774883181921
Model saved in ../model/model.ckpt
Average loss at step (2100/10001): 0.355495
Average loss at step (2200/10001): 0.339088
Average loss at step (2300/10001): 0.332152
Average loss at step (2400/10001): 0.347997
Average loss at step (2500/10001): 0.340154
AUC score: 0.774832068654
Model saved in ../model/model.ckpt
Average loss at step (2600/10001): 0.338573
Average loss at step (2700/10001): 0.340609
Average loss at step (2800/10001): 0.336614
Average loss at step (2900/10001): 0.340912
Average loss at step (3000/10001): 0.325874
AUC score: 0.771863619643
Model saved in ../model/model.ckpt
Average loss at step (3100/10001): 0.339972
Average loss at step (3200/10001): 0.335743
Average loss at step (3300/10001): 0.351856
Average loss at step (3400/10001): 0.332179
Average loss at step (3500/10001): 0.362555
AUC score: 0.781811922749
Model saved in ../model/model.ckpt
Average loss at step (3600/10001): 0.338201
Average loss at step (3700/10001): 0.367090
Average loss at step (3800/10001): 0.353799
Average loss at step (3900/10001): 0.348382
Average loss at step (4000/10001): 0.364756
AUC score: 0.78143292984
Model saved in ../model/model.ckpt
Average loss at step (4100/10001): 0.341138
Average loss at step (4200/10001): 0.370444
Average loss at step (4300/10001): 0.347581
Average loss at step (4400/10001): 0.356370
Average loss at step (4500/10001): 0.363815
AUC score: 0.781809609266
Model saved in ../model/model.ckpt
Average loss at step (4600/10001): 0.341647
Average loss at step (4700/10001): 0.373829
Average loss at step (4800/10001): 0.339386
Average loss at step (4900/10001): 0.367659
Average loss at step (5000/10001): 0.354558
AUC score: 0.781783276533
Model saved in ../model/model.ckpt
Average loss at step (5100/10001): 0.350575
Average loss at step (5200/10001): 0.366297
Average loss at step (5300/10001): 0.341315
Average loss at step (5400/10001): 0.372597
Average loss at step (5500/10001): 0.351135
AUC score: 0.781633744366
Model saved in ../model/model.ckpt
Average loss at step (5600/10001): 0.358270
Average loss at step (5700/10001): 0.364223
Average loss at step (5800/10001): 0.341534
Average loss at step (5900/10001): 0.372836
Average loss at step (6000/10001): 0.343425
AUC score: 0.781758968402
Model saved in ../model/model.ckpt
Average loss at step (6100/10001): 0.364113
Average loss at step (6200/10001): 0.355101
Average loss at step (6300/10001): 0.345894
Average loss at step (6400/10001): 0.367427
Average loss at step (6500/10001): 0.340214
AUC score: 0.781803849868
Model saved in ../model/model.ckpt
Average loss at step (6600/10001): 0.369617
Average loss at step (6700/10001): 0.352558
Average loss at step (6800/10001): 0.358835
Average loss at step (6900/10001): 0.362814
Average loss at step (7000/10001): 0.340660
AUC score: 0.781878199081
Model saved in ../model/model.ckpt
Average loss at step (7100/10001): 0.371615
Average loss at step (7200/10001): 0.343623
Average loss at step (7300/10001): 0.362213
Average loss at step (7400/10001): 0.361593
Average loss at step (7500/10001): 0.346638
AUC score: 0.781861768047
Model saved in ../model/model.ckpt
Average loss at step (7600/10001): 0.363684
Average loss at step (7700/10001): 0.339529
Average loss at step (7800/10001): 0.371993
Average loss at step (7900/10001): 0.352618
Average loss at step (8000/10001): 0.354863
AUC score: 0.781641956508
Model saved in ../model/model.ckpt
Average loss at step (8100/10001): 0.360762
Average loss at step (8200/10001): 0.342231
Average loss at step (8300/10001): 0.369218
Average loss at step (8400/10001): 0.345848
Average loss at step (8500/10001): 0.363180
AUC score: 0.781967193865
Model saved in ../model/model.ckpt
Average loss at step (8600/10001): 0.363912
Average loss at step (8700/10001): 0.342858
Average loss at step (8800/10001): 0.363322
Average loss at step (8900/10001): 0.342291
Average loss at step (9000/10001): 0.370869
AUC score: 0.78176352218
Model saved in ../model/model.ckpt
Average loss at step (9100/10001): 0.355137
Average loss at step (9200/10001): 0.354918
Average loss at step (9300/10001): 0.365174
Average loss at step (9400/10001): 0.339902
Average loss at step (9500/10001): 0.368634
AUC score: 0.782163765444
Model saved in ../model/model.ckpt
Average loss at step (9600/10001): 0.349438
Average loss at step (9700/10001): 0.362872
Average loss at step (9800/10001): 0.362540
Average loss at step (9900/10001): 0.342389
Average loss at step (10000/10001): 0.371439
AUC score: 0.781788516044
Model saved in ../model/model.ckpt
reached the end of the file ../data/PKU_MOOC/training.csv
reached the end of the file ../data/PKU_MOOC/testing.csv
Average loss at step (0/10001): 0.470475
Average loss at step (100/10001): 0.435141
Average loss at step (200/10001): 0.474030
Average loss at step (300/10001): 0.502917
Average loss at step (400/10001): 0.502416
Average loss at step (500/10001): 0.517910
AUC score: 0.652272250601
Model saved in ../model/model.ckpt
Average loss at step (600/10001): 0.427848
Average loss at step (700/10001): 0.517225
Average loss at step (800/10001): 0.460624
Average loss at step (900/10001): 0.496566
Average loss at step (1000/10001): 0.471122
AUC score: 0.70703842672
Model saved in ../model/model.ckpt
Average loss at step (1100/10001): 0.416181
Average loss at step (1200/10001): 0.477239
Average loss at step (1300/10001): 0.431675
Average loss at step (1400/10001): 0.468089
Average loss at step (1500/10001): 0.462574
AUC score: 0.72404847482
Model saved in ../model/model.ckpt
Average loss at step (1600/10001): 0.438465
Average loss at step (1700/10001): 0.468806
Average loss at step (1800/10001): 0.385800
Average loss at step (1900/10001): 0.472945
Average loss at step (2000/10001): 0.429584
AUC score: 0.73348404803
Model saved in ../model/model.ckpt
Average loss at step (2100/10001): 0.453802
Average loss at step (2200/10001): 0.443337
Average loss at step (2300/10001): 0.378391
Average loss at step (2400/10001): 0.451111
Average loss at step (2500/10001): 0.405517
AUC score: 0.744940054512
Model saved in ../model/model.ckpt
Average loss at step (2600/10001): 0.436305
Average loss at step (2700/10001): 0.437710
Average loss at step (2800/10001): 0.400080
Average loss at step (2900/10001): 0.448773
Average loss at step (3000/10001): 0.374952
AUC score: 0.74984203866
Model saved in ../model/model.ckpt
Average loss at step (3100/10001): 0.453842
Average loss at step (3200/10001): 0.425783
Average loss at step (3300/10001): 0.428991
Average loss at step (3400/10001): 0.435949
Average loss at step (3500/10001): 0.379234
AUC score: 0.750951224085
Model saved in ../model/model.ckpt
Average loss at step (3600/10001): 0.444783
Average loss at step (3700/10001): 0.412246
Average loss at step (3800/10001): 0.428410
Average loss at step (3900/10001): 0.432743
Average loss at step (4000/10001): 0.400003
AUC score: 0.756578976208
Model saved in ../model/model.ckpt
Average loss at step (4100/10001): 0.444260
Average loss at step (4200/10001): 0.385815
Average loss at step (4300/10001): 0.442722
Average loss at step (4400/10001): 0.411774
Average loss at step (4500/10001): 0.421731
AUC score: 0.75814189363
Model saved in ../model/model.ckpt
Average loss at step (4600/10001): 0.433872
Average loss at step (4700/10001): 0.363344
Average loss at step (4800/10001): 0.444710
Average loss at step (4900/10001): 0.401582
Average loss at step (5000/10001): 0.425672
AUC score: 0.759212404462
Model saved in ../model/model.ckpt
Average loss at step (5100/10001): 0.424933
Average loss at step (5200/10001): 0.389823
Average loss at step (5300/10001): 0.437645
Average loss at step (5400/10001): 0.381228
Average loss at step (5500/10001): 0.438002
AUC score: 0.759670372616
Model saved in ../model/model.ckpt
Average loss at step (5600/10001): 0.418075
Average loss at step (5700/10001): 0.413452
Average loss at step (5800/10001): 0.440612
Average loss at step (5900/10001): 0.362504
Average loss at step (6000/10001): 0.444122
AUC score: 0.759987261505
Model saved in ../model/model.ckpt
Average loss at step (6100/10001): 0.404589
Average loss at step (6200/10001): 0.427169
Average loss at step (6300/10001): 0.421443
Average loss at step (6400/10001): 0.384556
Average loss at step (6500/10001): 0.433768
AUC score: 0.760626391288
Model saved in ../model/model.ckpt
Average loss at step (6600/10001): 0.386241
Average loss at step (6700/10001): 0.430306
Average loss at step (6800/10001): 0.421002
Average loss at step (6900/10001): 0.409397
Average loss at step (7000/10001): 0.437357
AUC score: 0.760705156591
Model saved in ../model/model.ckpt
Average loss at step (7100/10001): 0.366655
Average loss at step (7200/10001): 0.440769
Average loss at step (7300/10001): 0.406113
Average loss at step (7400/10001): 0.431163
Average loss at step (7500/10001): 0.423031
AUC score: 0.7608071939
Model saved in ../model/model.ckpt
Average loss at step (7600/10001): 0.381557
Average loss at step (7700/10001): 0.434713
Average loss at step (7800/10001): 0.390958
Average loss at step (7900/10001): 0.429086
Average loss at step (8000/10001): 0.420988
AUC score: 0.761076642329
Model saved in ../model/model.ckpt
Average loss at step (8100/10001): 0.405079
Average loss at step (8200/10001): 0.437633
Average loss at step (8300/10001): 0.370970
Average loss at step (8400/10001): 0.442378
Average loss at step (8500/10001): 0.404532
AUC score: 0.761118942081
Model saved in ../model/model.ckpt
Average loss at step (8600/10001): 0.428447
Average loss at step (8700/10001): 0.424412
Average loss at step (8800/10001): 0.376185
Average loss at step (8900/10001): 0.435925
Average loss at step (9000/10001): 0.391538
AUC score: 0.761219756714
Model saved in ../model/model.ckpt
Average loss at step (9100/10001): 0.428613
Average loss at step (9200/10001): 0.424545
Average loss at step (9300/10001): 0.402868
Average loss at step (9400/10001): 0.432905
Average loss at step (9500/10001): 0.371948
AUC score: 0.761289094409
Model saved in ../model/model.ckpt
Average loss at step (9600/10001): 0.442444
Average loss at step (9700/10001): 0.407355
Average loss at step (9800/10001): 0.429340
Average loss at step (9900/10001): 0.420275
Average loss at step (10000/10001): 0.372325
AUC score: 0.761363422467
Model saved in ../model/model.ckpt
reached the end of the file ../data/PKU_MOOC/training.csv
reached the end of the file ../data/PKU_MOOC/testing.csv
Average loss at step (0/10001): 0.635691
Average loss at step (100/10001): 0.496354
Average loss at step (200/10001): 0.509673
Average loss at step (300/10001): 0.488087
Average loss at step (400/10001): 0.462379
Average loss at step (500/10001): 0.483302
AUC score: 0.734650541119
Model saved in ../model/model.ckpt
Average loss at step (600/10001): 0.417207
Average loss at step (700/10001): 0.479591
Average loss at step (800/10001): 0.461718
Average loss at step (900/10001): 0.455349
Average loss at step (1000/10001): 0.452461
AUC score: 0.772609566072
Model saved in ../model/model.ckpt
Average loss at step (1100/10001): 0.419306
Average loss at step (1200/10001): 0.459062
Average loss at step (1300/10001): 0.426804
Average loss at step (1400/10001): 0.433453
Average loss at step (1500/10001): 0.432139
AUC score: 0.780676546166
Model saved in ../model/model.ckpt
Average loss at step (1600/10001): 0.411215
Average loss at step (1700/10001): 0.421253
Average loss at step (1800/10001): 0.402755
Average loss at step (1900/10001): 0.421079
Average loss at step (2000/10001): 0.410369
AUC score: 0.7822157743
Model saved in ../model/model.ckpt
Average loss at step (2100/10001): 0.411139
Average loss at step (2200/10001): 0.394504
Average loss at step (2300/10001): 0.397211
Average loss at step (2400/10001): 0.401825
Average loss at step (2500/10001): 0.400679
AUC score: 0.780315781186
Model saved in ../model/model.ckpt
Average loss at step (2600/10001): 0.395087
Average loss at step (2700/10001): 0.395892
Average loss at step (2800/10001): 0.396184
Average loss at step (2900/10001): 0.390746
Average loss at step (3000/10001): 0.390368
AUC score: 0.782088338741
Model saved in ../model/model.ckpt
Average loss at step (3100/10001): 0.396562
Average loss at step (3200/10001): 0.392007
Average loss at step (3300/10001): 0.397888
Average loss at step (3400/10001): 0.376155
Average loss at step (3500/10001): 0.390392
AUC score: 0.781664978092
Model saved in ../model/model.ckpt
Average loss at step (3600/10001): 0.384475
Average loss at step (3700/10001): 0.390088
Average loss at step (3800/10001): 0.386664
Average loss at step (3900/10001): 0.384548
Average loss at step (4000/10001): 0.385500
AUC score: 0.78277855994
Model saved in ../model/model.ckpt
Average loss at step (4100/10001): 0.385742
Average loss at step (4200/10001): 0.384774
Average loss at step (4300/10001): 0.389009
Average loss at step (4400/10001): 0.384050
Average loss at step (4500/10001): 0.388499
AUC score: 0.784186311365
Model saved in ../model/model.ckpt
Average loss at step (4600/10001): 0.376112
Average loss at step (4700/10001): 0.384764
Average loss at step (4800/10001): 0.382213
Average loss at step (4900/10001): 0.386563
Average loss at step (5000/10001): 0.382093
AUC score: 0.784329886826
Model saved in ../model/model.ckpt
Average loss at step (5100/10001): 0.380134
Average loss at step (5200/10001): 0.381598
Average loss at step (5300/10001): 0.379724
Average loss at step (5400/10001): 0.384686
Average loss at step (5500/10001): 0.384993
AUC score: 0.784563308524
Model saved in ../model/model.ckpt
Average loss at step (5600/10001): 0.382201
Average loss at step (5700/10001): 0.384528
Average loss at step (5800/10001): 0.376682
Average loss at step (5900/10001): 0.384153
Average loss at step (6000/10001): 0.380774
AUC score: 0.78461159866
Model saved in ../model/model.ckpt
Average loss at step (6100/10001): 0.385750
Average loss at step (6200/10001): 0.386806
Average loss at step (6300/10001): 0.378097
Average loss at step (6400/10001): 0.381050
Average loss at step (6500/10001): 0.378621
AUC score: 0.784612854801
Model saved in ../model/model.ckpt
Average loss at step (6600/10001): 0.385750
Average loss at step (6700/10001): 0.383235
Average loss at step (6800/10001): 0.383185
Average loss at step (6900/10001): 0.383977
Average loss at step (7000/10001): 0.375481
AUC score: 0.784502344193
Model saved in ../model/model.ckpt
Average loss at step (7100/10001): 0.383410
Average loss at step (7200/10001): 0.382685
Average loss at step (7300/10001): 0.381054
Average loss at step (7400/10001): 0.387633
Average loss at step (7500/10001): 0.376052
AUC score: 0.784486911557
Model saved in ../model/model.ckpt
Average loss at step (7600/10001): 0.380685
Average loss at step (7700/10001): 0.380672
Average loss at step (7800/10001): 0.386156
Average loss at step (7900/10001): 0.382498
Average loss at step (8000/10001): 0.381391
AUC score: 0.78448933421
Model saved in ../model/model.ckpt
Average loss at step (8100/10001): 0.384896
Average loss at step (8200/10001): 0.378708
Average loss at step (8300/10001): 0.381631
Average loss at step (8400/10001): 0.383077
Average loss at step (8500/10001): 0.383234
AUC score: 0.784564937697
Model saved in ../model/model.ckpt
Average loss at step (8600/10001): 0.389492
Average loss at step (8700/10001): 0.374296
Average loss at step (8800/10001): 0.377668
Average loss at step (8900/10001): 0.382190
Average loss at step (9000/10001): 0.385602
AUC score: 0.78465848116
Model saved in ../model/model.ckpt
Average loss at step (9100/10001): 0.383582
Average loss at step (9200/10001): 0.382393
Average loss at step (9300/10001): 0.383243
Average loss at step (9400/10001): 0.377662
Average loss at step (9500/10001): 0.381911
AUC score: 0.784590850698
Model saved in ../model/model.ckpt
Average loss at step (9600/10001): 0.385013
Average loss at step (9700/10001): 0.383163
Average loss at step (9800/10001): 0.392133
Average loss at step (9900/10001): 0.372562
Average loss at step (10000/10001): 0.382553
AUC score: 0.784601220352
Model saved in ../model/model.ckpt
