2017-12-06 20:13:48 python main.py --input-embedding 'one_hot' --input-grain single --output-grain single --train-steps 10001 --batch-size 16
2017-12-06 20:19:19 ...end
2017-12-06 20:19:19 python main.py --input-embedding 'random' --embedding-size 50 --input-grain single --output-grain single --train-steps 10001 --batch-size 16
2017-12-06 20:24:37 ...end
2017-12-06 20:24:37 python main.py --input-embedding 'random' --embedding-size 100 --input-grain single --output-grain single --train-steps 10001 --batch-size 16
2017-12-06 20:30:04 ...end
2017-12-06 20:30:04 python main.py --input-embedding 'random' --embedding-size 200 --input-grain single --output-grain single --train-steps 10001 --batch-size 16
2017-12-06 20:35:44 ...end
2017-12-06 20:35:44 python main.py --input-embedding 'one_hot' --input-grain single --output-grain multi --train-steps 10001 --batch-size 16
2017-12-06 20:41:36 ...end
2017-12-06 20:41:36 python main.py --input-embedding 'random' --embedding-size 50 --input-grain single --output-grain multi --train-steps 10001 --batch-size 16
2017-12-06 20:47:02 ...end
2017-12-06 20:47:02 python main.py --input-embedding 'random' --embedding-size 100 --input-grain single --output-grain multi --train-steps 10001 --batch-size 16
2017-12-06 20:52:50 ...end
2017-12-06 20:52:50 python main.py --input-embedding 'random' --embedding-size 200 --input-grain single --output-grain multi --train-steps 10001 --batch-size 16
2017-12-06 20:58:38 ...end
2017-12-06 20:58:38 python main.py --input-embedding 'one_hot' --input-grain multi --output-grain single --train-steps 10001 --batch-size 16
2017-12-06 21:04:32 ...end
2017-12-06 21:04:32 python main.py --input-embedding 'random' --embedding-size 50 --input-grain multi --output-grain single --train-steps 10001 --batch-size 16
2017-12-06 21:09:57 ...end
2017-12-06 21:09:57 python main.py --input-embedding 'random' --embedding-size 100 --input-grain multi --output-grain single --train-steps 10001 --batch-size 16
2017-12-06 21:15:05 ...end
2017-12-06 21:15:05 python main.py --input-embedding 'random' --embedding-size 200 --input-grain multi --output-grain single --train-steps 10001 --batch-size 16
2017-12-06 21:20:31 ...end
2017-12-06 21:20:31 python main.py --input-embedding 'one_hot' --input-grain multi --output-grain multi --train-steps 10001 --batch-size 16
2017-12-06 21:26:20 ...end
2017-12-06 21:26:20 python main.py --input-embedding 'random' --embedding-size 50 --input-grain multi --output-grain multi --train-steps 10001 --batch-size 16
2017-12-06 21:31:36 ...end
2017-12-06 21:31:36 python main.py --input-embedding 'random' --embedding-size 100 --input-grain multi --output-grain multi --train-steps 10001 --batch-size 16
2017-12-06 21:37:02 ...end
2017-12-06 21:37:02 python main.py --input-embedding 'random' --embedding-size 200 --input-grain multi --output-grain multi --train-steps 10001 --batch-size 16
2017-12-06 21:43:02 ...end
2017-12-06 21:43:02 python main.py --input-embedding 'one_hot' --input-grain single --output-grain single --train-steps 10001 --batch-size 32
2017-12-06 21:51:13 ...end
2017-12-06 21:51:13 python main.py --input-embedding 'random' --embedding-size 50 --input-grain single --output-grain single --train-steps 10001 --batch-size 32
2017-12-06 21:58:33 ...end
2017-12-06 21:58:33 python main.py --input-embedding 'random' --embedding-size 100 --input-grain single --output-grain single --train-steps 10001 --batch-size 32
2017-12-06 22:05:54 ...end
2017-12-06 22:05:54 python main.py --input-embedding 'random' --embedding-size 200 --input-grain single --output-grain single --train-steps 10001 --batch-size 32
2017-12-06 22:14:16 ...end
2017-12-06 22:14:16 python main.py --input-embedding 'one_hot' --input-grain single --output-grain multi --train-steps 10001 --batch-size 32
2017-12-06 22:22:54 ...end
2017-12-06 22:22:54 python main.py --input-embedding 'random' --embedding-size 50 --input-grain single --output-grain multi --train-steps 10001 --batch-size 32
2017-12-06 22:30:11 ...end
2017-12-06 22:30:11 python main.py --input-embedding 'random' --embedding-size 100 --input-grain single --output-grain multi --train-steps 10001 --batch-size 32
2017-12-06 22:39:06 ...end
2017-12-06 22:39:06 python main.py --input-embedding 'random' --embedding-size 200 --input-grain single --output-grain multi --train-steps 10001 --batch-size 32
2017-12-06 22:48:42 ...end
2017-12-06 22:48:42 python main.py --input-embedding 'one_hot' --input-grain multi --output-grain single --train-steps 10001 --batch-size 32
2017-12-06 22:56:53 ...end
2017-12-06 22:56:53 python main.py --input-embedding 'random' --embedding-size 50 --input-grain multi --output-grain single --train-steps 10001 --batch-size 32
2017-12-06 23:03:57 ...end
2017-12-06 23:03:57 python main.py --input-embedding 'random' --embedding-size 100 --input-grain multi --output-grain single --train-steps 10001 --batch-size 32
2017-12-06 23:11:18 ...end
2017-12-06 23:11:18 python main.py --input-embedding 'random' --embedding-size 200 --input-grain multi --output-grain single --train-steps 10001 --batch-size 32
2017-12-06 23:19:28 ...end
2017-12-06 23:19:28 python main.py --input-embedding 'one_hot' --input-grain multi --output-grain multi --train-steps 10001 --batch-size 32
2017-12-06 23:27:52 ...end
2017-12-06 23:27:52 python main.py --input-embedding 'random' --embedding-size 50 --input-grain multi --output-grain multi --train-steps 10001 --batch-size 32
2017-12-06 23:35:30 ...end
2017-12-06 23:35:30 python main.py --input-embedding 'random' --embedding-size 100 --input-grain multi --output-grain multi --train-steps 10001 --batch-size 32
2017-12-06 23:44:31 ...end
2017-12-06 23:44:31 python main.py --input-embedding 'random' --embedding-size 200 --input-grain multi --output-grain multi --train-steps 10001 --batch-size 32
2017-12-06 23:56:00 ...end
2017-12-06 23:56:00 python main.py --input-embedding 'one_hot' --input-grain single --output-grain single --train-steps 10001 --batch-size 64
2017-12-07 00:11:12 ...end
2017-12-07 00:11:12 python main.py --input-embedding 'random' --embedding-size 50 --input-grain single --output-grain single --train-steps 10001 --batch-size 64
2017-12-07 00:24:25 ...end
2017-12-07 00:24:25 python main.py --input-embedding 'random' --embedding-size 100 --input-grain single --output-grain single --train-steps 10001 --batch-size 64
2017-12-07 00:36:54 ...end
2017-12-07 00:36:54 python main.py --input-embedding 'random' --embedding-size 200 --input-grain single --output-grain single --train-steps 10001 --batch-size 64
2017-12-07 00:56:29 ...end
2017-12-07 00:56:29 python main.py --input-embedding 'one_hot' --input-grain single --output-grain multi --train-steps 10001 --batch-size 64
2017-12-07 01:17:13 ...end
2017-12-07 01:17:13 python main.py --input-embedding 'random' --embedding-size 50 --input-grain single --output-grain multi --train-steps 10001 --batch-size 64
2017-12-07 01:34:39 ...end
2017-12-07 01:34:39 python main.py --input-embedding 'random' --embedding-size 100 --input-grain single --output-grain multi --train-steps 10001 --batch-size 64
2017-12-07 01:52:07 ...end
2017-12-07 01:52:07 python main.py --input-embedding 'random' --embedding-size 200 --input-grain single --output-grain multi --train-steps 10001 --batch-size 64
2017-12-07 02:14:43 ...end
2017-12-07 02:14:43 python main.py --input-embedding 'one_hot' --input-grain multi --output-grain single --train-steps 10001 --batch-size 64
2017-12-07 02:35:31 ...end
2017-12-07 02:35:31 python main.py --input-embedding 'random' --embedding-size 50 --input-grain multi --output-grain single --train-steps 10001 --batch-size 64
2017-12-07 02:52:16 ...end
2017-12-07 02:52:16 python main.py --input-embedding 'random' --embedding-size 100 --input-grain multi --output-grain single --train-steps 10001 --batch-size 64
2017-12-07 03:10:02 ...end
2017-12-07 03:10:02 python main.py --input-embedding 'random' --embedding-size 200 --input-grain multi --output-grain single --train-steps 10001 --batch-size 64
2017-12-07 03:28:10 ...end
2017-12-07 03:28:10 python main.py --input-embedding 'one_hot' --input-grain multi --output-grain multi --train-steps 10001 --batch-size 64
2017-12-07 03:43:44 ...end
2017-12-07 03:43:44 python main.py --input-embedding 'random' --embedding-size 50 --input-grain multi --output-grain multi --train-steps 10001 --batch-size 64
2017-12-07 03:54:31 ...end
2017-12-07 03:54:31 python main.py --input-embedding 'random' --embedding-size 100 --input-grain multi --output-grain multi --train-steps 10001 --batch-size 64
2017-12-07 04:05:57 ...end
2017-12-07 04:05:57 python main.py --input-embedding 'random' --embedding-size 200 --input-grain multi --output-grain multi --train-steps 10001 --batch-size 64
2017-12-07 04:18:59 ...end
2017-12-07 04:18:59 python main.py --input-embedding 'one_hot' --input-grain single --output-grain single --train-steps 10001 --num-hiddenunits 100
2017-12-07 04:23:37 ...end
2017-12-07 04:23:37 python main.py --input-embedding 'random' --embedding-size 50 --input-grain single --output-grain single --train-steps 10001 --num-hiddenunits 100
2017-12-07 04:28:07 ...end
2017-12-07 04:28:07 python main.py --input-embedding 'random' --embedding-size 100 --input-grain single --output-grain single --train-steps 10001 --num-hiddenunits 100
2017-12-07 04:32:43 ...end
2017-12-07 04:32:43 python main.py --input-embedding 'random' --embedding-size 200 --input-grain single --output-grain single --train-steps 10001 --num-hiddenunits 100
2017-12-07 04:37:37 ...end
2017-12-07 04:37:37 python main.py --input-embedding 'one_hot' --input-grain single --output-grain multi --train-steps 10001 --num-hiddenunits 100
2017-12-07 04:42:18 ...end
2017-12-07 04:42:18 python main.py --input-embedding 'random' --embedding-size 50 --input-grain single --output-grain multi --train-steps 10001 --num-hiddenunits 100
2017-12-07 04:46:45 ...end
2017-12-07 04:46:45 python main.py --input-embedding 'random' --embedding-size 100 --input-grain single --output-grain multi --train-steps 10001 --num-hiddenunits 100
2017-12-07 04:51:27 ...end
2017-12-07 04:51:27 python main.py --input-embedding 'random' --embedding-size 200 --input-grain single --output-grain multi --train-steps 10001 --num-hiddenunits 100
2017-12-07 04:56:26 ...end
2017-12-07 04:56:26 python main.py --input-embedding 'one_hot' --input-grain multi --output-grain single --train-steps 10001 --num-hiddenunits 100
2017-12-07 05:01:20 ...end
2017-12-07 05:01:20 python main.py --input-embedding 'random' --embedding-size 50 --input-grain multi --output-grain single --train-steps 10001 --num-hiddenunits 100
2017-12-07 05:05:55 ...end
2017-12-07 05:05:55 python main.py --input-embedding 'random' --embedding-size 100 --input-grain multi --output-grain single --train-steps 10001 --num-hiddenunits 100
2017-12-07 05:10:44 ...end
2017-12-07 05:10:44 python main.py --input-embedding 'random' --embedding-size 200 --input-grain multi --output-grain single --train-steps 10001 --num-hiddenunits 100
2017-12-07 05:15:43 ...end
2017-12-07 05:15:43 python main.py --input-embedding 'one_hot' --input-grain multi --output-grain multi --train-steps 10001 --num-hiddenunits 100
2017-12-07 05:20:35 ...end
2017-12-07 05:20:35 python main.py --input-embedding 'random' --embedding-size 50 --input-grain multi --output-grain multi --train-steps 10001 --num-hiddenunits 100
2017-12-07 05:25:12 ...end
2017-12-07 05:25:12 python main.py --input-embedding 'random' --embedding-size 100 --input-grain multi --output-grain multi --train-steps 10001 --num-hiddenunits 100
2017-12-07 05:29:51 ...end
2017-12-07 05:29:51 python main.py --input-embedding 'random' --embedding-size 200 --input-grain multi --output-grain multi --train-steps 10001 --num-hiddenunits 100
2017-12-07 05:34:48 ...end
2017-12-07 05:34:48 python main.py --input-embedding 'one_hot' --input-grain single --output-grain single --train-steps 10001 --num-hiddenunits 200
2017-12-07 05:40:23 ...end
2017-12-07 05:40:23 python main.py --input-embedding 'random' --embedding-size 50 --input-grain single --output-grain single --train-steps 10001 --num-hiddenunits 200
2017-12-07 05:45:36 ...end
2017-12-07 05:45:36 python main.py --input-embedding 'random' --embedding-size 100 --input-grain single --output-grain single --train-steps 10001 --num-hiddenunits 200
2017-12-07 05:50:55 ...end
2017-12-07 05:50:55 python main.py --input-embedding 'random' --embedding-size 200 --input-grain single --output-grain single --train-steps 10001 --num-hiddenunits 200
2017-12-07 05:56:33 ...end
2017-12-07 05:56:33 python main.py --input-embedding 'one_hot' --input-grain single --output-grain multi --train-steps 10001 --num-hiddenunits 200
2017-12-07 06:02:13 ...end
2017-12-07 06:02:13 python main.py --input-embedding 'random' --embedding-size 50 --input-grain single --output-grain multi --train-steps 10001 --num-hiddenunits 200
2017-12-07 06:07:26 ...end
2017-12-07 06:07:26 python main.py --input-embedding 'random' --embedding-size 100 --input-grain single --output-grain multi --train-steps 10001 --num-hiddenunits 200
2017-12-07 06:12:27 ...end
2017-12-07 06:12:27 python main.py --input-embedding 'random' --embedding-size 200 --input-grain single --output-grain multi --train-steps 10001 --num-hiddenunits 200
2017-12-07 06:17:45 ...end
2017-12-07 06:17:45 python main.py --input-embedding 'one_hot' --input-grain multi --output-grain single --train-steps 10001 --num-hiddenunits 200
2017-12-07 06:23:09 ...end
2017-12-07 06:23:09 python main.py --input-embedding 'random' --embedding-size 50 --input-grain multi --output-grain single --train-steps 10001 --num-hiddenunits 200
2017-12-07 06:28:01 ...end
2017-12-07 06:28:01 python main.py --input-embedding 'random' --embedding-size 100 --input-grain multi --output-grain single --train-steps 10001 --num-hiddenunits 200
2017-12-07 06:33:01 ...end
2017-12-07 06:33:01 python main.py --input-embedding 'random' --embedding-size 200 --input-grain multi --output-grain single --train-steps 10001 --num-hiddenunits 200
2017-12-07 06:38:27 ...end
2017-12-07 06:38:27 python main.py --input-embedding 'one_hot' --input-grain multi --output-grain multi --train-steps 10001 --num-hiddenunits 200
2017-12-07 06:43:52 ...end
2017-12-07 06:43:52 python main.py --input-embedding 'random' --embedding-size 50 --input-grain multi --output-grain multi --train-steps 10001 --num-hiddenunits 200
2017-12-07 06:48:51 ...end
2017-12-07 06:48:51 python main.py --input-embedding 'random' --embedding-size 100 --input-grain multi --output-grain multi --train-steps 10001 --num-hiddenunits 200
2017-12-07 06:54:02 ...end
2017-12-07 06:54:02 python main.py --input-embedding 'random' --embedding-size 200 --input-grain multi --output-grain multi --train-steps 10001 --num-hiddenunits 200
2017-12-07 06:59:34 ...end
2017-12-07 06:59:34 python main.py --input-embedding 'one_hot' --input-grain single --output-grain single --train-steps 10001 --num-hiddenunits 300
2017-12-07 07:06:28 ...end
2017-12-07 07:06:28 python main.py --input-embedding 'random' --embedding-size 50 --input-grain single --output-grain single --train-steps 10001 --num-hiddenunits 300
2017-12-07 07:12:41 ...end
2017-12-07 07:12:41 python main.py --input-embedding 'random' --embedding-size 100 --input-grain single --output-grain single --train-steps 10001 --num-hiddenunits 300
2017-12-07 07:19:14 ...end
2017-12-07 07:19:14 python main.py --input-embedding 'random' --embedding-size 200 --input-grain single --output-grain single --train-steps 10001 --num-hiddenunits 300
2017-12-07 07:26:07 ...end
2017-12-07 07:26:07 python main.py --input-embedding 'one_hot' --input-grain single --output-grain multi --train-steps 10001 --num-hiddenunits 300
2017-12-07 07:33:17 ...end
2017-12-07 07:33:17 python main.py --input-embedding 'random' --embedding-size 50 --input-grain single --output-grain multi --train-steps 10001 --num-hiddenunits 300
2017-12-07 07:39:45 ...end
2017-12-07 07:39:45 python main.py --input-embedding 'random' --embedding-size 100 --input-grain single --output-grain multi --train-steps 10001 --num-hiddenunits 300
2017-12-07 07:46:27 ...end
2017-12-07 07:46:27 python main.py --input-embedding 'random' --embedding-size 200 --input-grain single --output-grain multi --train-steps 10001 --num-hiddenunits 300
2017-12-07 07:53:37 ...end
2017-12-07 07:53:37 python main.py --input-embedding 'one_hot' --input-grain multi --output-grain single --train-steps 10001 --num-hiddenunits 300
2017-12-07 08:00:51 ...end
2017-12-07 08:00:51 python main.py --input-embedding 'random' --embedding-size 50 --input-grain multi --output-grain single --train-steps 10001 --num-hiddenunits 300
2017-12-07 08:07:22 ...end
2017-12-07 08:07:22 python main.py --input-embedding 'random' --embedding-size 100 --input-grain multi --output-grain single --train-steps 10001 --num-hiddenunits 300
2017-12-07 08:14:26 ...end
2017-12-07 08:14:26 python main.py --input-embedding 'random' --embedding-size 200 --input-grain multi --output-grain single --train-steps 10001 --num-hiddenunits 300
2017-12-07 08:22:00 ...end
2017-12-07 08:22:00 python main.py --input-embedding 'one_hot' --input-grain multi --output-grain multi --train-steps 10001 --num-hiddenunits 300
2017-12-07 08:29:41 ...end
2017-12-07 08:29:41 python main.py --input-embedding 'random' --embedding-size 50 --input-grain multi --output-grain multi --train-steps 10001 --num-hiddenunits 300
2017-12-07 08:36:31 ...end
2017-12-07 08:36:31 python main.py --input-embedding 'random' --embedding-size 100 --input-grain multi --output-grain multi --train-steps 10001 --num-hiddenunits 300
2017-12-07 08:43:41 ...end
2017-12-07 08:43:41 python main.py --input-embedding 'random' --embedding-size 200 --input-grain multi --output-grain multi --train-steps 10001 --num-hiddenunits 300
2017-12-07 08:51:19 ...end
2017-12-07 08:51:19 python main.py --input-embedding 'one_hot' --input-grain single --output-grain single --train-steps 10001 --droupout-keep 0.5
2017-12-07 08:57:13 ...end
2017-12-07 08:57:13 python main.py --input-embedding 'random' --embedding-size 50 --input-grain single --output-grain single --train-steps 10001 --droupout-keep 0.5
2017-12-07 09:02:37 ...end
2017-12-07 09:02:37 python main.py --input-embedding 'random' --embedding-size 100 --input-grain single --output-grain single --train-steps 10001 --droupout-keep 0.5
2017-12-07 09:08:19 ...end
2017-12-07 09:08:19 python main.py --input-embedding 'random' --embedding-size 200 --input-grain single --output-grain single --train-steps 10001 --droupout-keep 0.5
2017-12-07 09:14:24 ...end
2017-12-07 09:14:24 python main.py --input-embedding 'one_hot' --input-grain single --output-grain multi --train-steps 10001 --droupout-keep 0.5
2017-12-07 09:20:15 ...end
2017-12-07 09:20:15 python main.py --input-embedding 'random' --embedding-size 50 --input-grain single --output-grain multi --train-steps 10001 --droupout-keep 0.5
2017-12-07 09:25:41 ...end
2017-12-07 09:25:41 python main.py --input-embedding 'random' --embedding-size 100 --input-grain single --output-grain multi --train-steps 10001 --droupout-keep 0.5
2017-12-07 09:31:02 ...end
2017-12-07 09:31:02 python main.py --input-embedding 'random' --embedding-size 200 --input-grain single --output-grain multi --train-steps 10001 --droupout-keep 0.5
2017-12-07 09:36:40 ...end
2017-12-07 09:36:40 python main.py --input-embedding 'one_hot' --input-grain multi --output-grain single --train-steps 10001 --droupout-keep 0.5
2017-12-07 09:42:19 ...end
2017-12-07 09:42:19 python main.py --input-embedding 'random' --embedding-size 50 --input-grain multi --output-grain single --train-steps 10001 --droupout-keep 0.5
2017-12-07 09:47:31 ...end
2017-12-07 09:47:31 python main.py --input-embedding 'random' --embedding-size 100 --input-grain multi --output-grain single --train-steps 10001 --droupout-keep 0.5
2017-12-07 09:52:49 ...end
2017-12-07 09:52:49 python main.py --input-embedding 'random' --embedding-size 200 --input-grain multi --output-grain single --train-steps 10001 --droupout-keep 0.5
2017-12-07 09:58:29 ...end
2017-12-07 09:58:29 python main.py --input-embedding 'one_hot' --input-grain multi --output-grain multi --train-steps 10001 --droupout-keep 0.5
2017-12-07 10:04:08 ...end
2017-12-07 10:04:08 python main.py --input-embedding 'random' --embedding-size 50 --input-grain multi --output-grain multi --train-steps 10001 --droupout-keep 0.5
2017-12-07 10:09:23 ...end
2017-12-07 10:09:23 python main.py --input-embedding 'random' --embedding-size 100 --input-grain multi --output-grain multi --train-steps 10001 --droupout-keep 0.5
2017-12-07 10:14:43 ...end
2017-12-07 10:14:43 python main.py --input-embedding 'random' --embedding-size 200 --input-grain multi --output-grain multi --train-steps 10001 --droupout-keep 0.5
2017-12-07 10:20:24 ...end
2017-12-07 10:20:24 python main.py --input-embedding 'one_hot' --input-grain single --output-grain single --train-steps 10001 --droupout-keep 0.7
2017-12-07 10:26:00 ...end
2017-12-07 10:26:00 python main.py --input-embedding 'random' --embedding-size 50 --input-grain single --output-grain single --train-steps 10001 --droupout-keep 0.7
2017-12-07 10:31:19 ...end
2017-12-07 10:31:19 python main.py --input-embedding 'random' --embedding-size 100 --input-grain single --output-grain single --train-steps 10001 --droupout-keep 0.7
2017-12-07 10:36:42 ...end
2017-12-07 10:36:42 python main.py --input-embedding 'random' --embedding-size 200 --input-grain single --output-grain single --train-steps 10001 --droupout-keep 0.7
2017-12-07 10:42:27 ...end
2017-12-07 10:42:27 python main.py --input-embedding 'one_hot' --input-grain single --output-grain multi --train-steps 10001 --droupout-keep 0.7
2017-12-07 10:48:08 ...end
2017-12-07 10:48:08 python main.py --input-embedding 'random' --embedding-size 50 --input-grain single --output-grain multi --train-steps 10001 --droupout-keep 0.7
2017-12-07 10:53:30 ...end
2017-12-07 10:53:30 python main.py --input-embedding 'random' --embedding-size 100 --input-grain single --output-grain multi --train-steps 10001 --droupout-keep 0.7
2017-12-07 10:58:58 ...end
2017-12-07 10:58:58 python main.py --input-embedding 'random' --embedding-size 200 --input-grain single --output-grain multi --train-steps 10001 --droupout-keep 0.7
2017-12-07 11:04:44 ...end
2017-12-07 11:04:44 python main.py --input-embedding 'one_hot' --input-grain multi --output-grain single --train-steps 10001 --droupout-keep 0.7
2017-12-07 11:10:29 ...end
2017-12-07 11:10:29 python main.py --input-embedding 'random' --embedding-size 50 --input-grain multi --output-grain single --train-steps 10001 --droupout-keep 0.7
2017-12-07 11:15:46 ...end
2017-12-07 11:15:46 python main.py --input-embedding 'random' --embedding-size 100 --input-grain multi --output-grain single --train-steps 10001 --droupout-keep 0.7
2017-12-07 11:21:12 ...end
2017-12-07 11:21:12 python main.py --input-embedding 'random' --embedding-size 200 --input-grain multi --output-grain single --train-steps 10001 --droupout-keep 0.7
2017-12-07 11:26:58 ...end
2017-12-07 11:26:58 python main.py --input-embedding 'one_hot' --input-grain multi --output-grain multi --train-steps 10001 --droupout-keep 0.7
2017-12-07 11:33:10 ...end
2017-12-07 11:33:10 python main.py --input-embedding 'random' --embedding-size 50 --input-grain multi --output-grain multi --train-steps 10001 --droupout-keep 0.7
2017-12-07 11:38:53 ...end
2017-12-07 11:38:53 python main.py --input-embedding 'random' --embedding-size 100 --input-grain multi --output-grain multi --train-steps 10001 --droupout-keep 0.7
2017-12-07 11:44:46 ...end
2017-12-07 11:44:46 python main.py --input-embedding 'random' --embedding-size 200 --input-grain multi --output-grain multi --train-steps 10001 --droupout-keep 0.7
2017-12-07 11:50:50 ...end
2017-12-07 11:50:50 python main.py --input-embedding 'one_hot' --input-grain single --output-grain single --train-steps 10001 --droupout-keep 0.9
2017-12-07 11:56:43 ...end
2017-12-07 11:56:43 python main.py --input-embedding 'random' --embedding-size 50 --input-grain single --output-grain single --train-steps 10001 --droupout-keep 0.9
2017-12-07 12:02:14 ...end
2017-12-07 12:02:14 python main.py --input-embedding 'random' --embedding-size 100 --input-grain single --output-grain single --train-steps 10001 --droupout-keep 0.9
2017-12-07 12:07:46 ...end
2017-12-07 12:07:46 python main.py --input-embedding 'random' --embedding-size 200 --input-grain single --output-grain single --train-steps 10001 --droupout-keep 0.9
2017-12-07 12:13:49 ...end
2017-12-07 12:13:49 python main.py --input-embedding 'one_hot' --input-grain single --output-grain multi --train-steps 10001 --droupout-keep 0.9
2017-12-07 12:19:43 ...end
2017-12-07 12:19:43 python main.py --input-embedding 'random' --embedding-size 50 --input-grain single --output-grain multi --train-steps 10001 --droupout-keep 0.9
2017-12-07 12:25:04 ...end
2017-12-07 12:25:04 python main.py --input-embedding 'random' --embedding-size 100 --input-grain single --output-grain multi --train-steps 10001 --droupout-keep 0.9
2017-12-07 12:30:35 ...end
2017-12-07 12:30:35 python main.py --input-embedding 'random' --embedding-size 200 --input-grain single --output-grain multi --train-steps 10001 --droupout-keep 0.9
2017-12-07 12:36:30 ...end
2017-12-07 12:36:30 python main.py --input-embedding 'one_hot' --input-grain multi --output-grain single --train-steps 10001 --droupout-keep 0.9
2017-12-07 12:42:25 ...end
2017-12-07 12:42:25 python main.py --input-embedding 'random' --embedding-size 50 --input-grain multi --output-grain single --train-steps 10001 --droupout-keep 0.9
2017-12-07 12:47:51 ...end
2017-12-07 12:47:51 python main.py --input-embedding 'random' --embedding-size 100 --input-grain multi --output-grain single --train-steps 10001 --droupout-keep 0.9
2017-12-07 12:53:26 ...end
2017-12-07 12:53:26 python main.py --input-embedding 'random' --embedding-size 200 --input-grain multi --output-grain single --train-steps 10001 --droupout-keep 0.9
2017-12-07 12:59:21 ...end
2017-12-07 12:59:21 python main.py --input-embedding 'one_hot' --input-grain multi --output-grain multi --train-steps 10001 --droupout-keep 0.9
2017-12-07 13:05:20 ...end
2017-12-07 13:05:20 python main.py --input-embedding 'random' --embedding-size 50 --input-grain multi --output-grain multi --train-steps 10001 --droupout-keep 0.9
2017-12-07 13:10:51 ...end
2017-12-07 13:10:51 python main.py --input-embedding 'random' --embedding-size 100 --input-grain multi --output-grain multi --train-steps 10001 --droupout-keep 0.9
2017-12-07 13:16:29 ...end
2017-12-07 13:16:29 python main.py --input-embedding 'random' --embedding-size 200 --input-grain multi --output-grain multi --train-steps 10001 --droupout-keep 0.9
2017-12-07 13:22:33 ...end
2017-12-07 13:22:33 python main.py --input-embedding 'one_hot' --train-steps 10001 --learningrate-init 0.0008
2017-12-07 13:28:30 ...end
2017-12-07 13:28:30 python main.py --input-embedding 'random' --embedding-size 50 --input-grain single --output-grain single --train-steps 10001 --learningrate-init 0.0008
2017-12-07 13:33:55 ...end
2017-12-07 13:33:55 python main.py --input-embedding 'random' --embedding-size 100 --input-grain single --output-grain single --train-steps 10001 --learningrate-init 0.0008
2017-12-07 13:39:26 ...end
2017-12-07 13:39:26 python main.py --input-embedding 'random' --embedding-size 200 --input-grain single --output-grain single --train-steps 10001 --learningrate-init 0.0008
2017-12-07 13:45:23 ...end
2017-12-07 13:45:23 python main.py --input-embedding 'one_hot' --train-steps 10001 --learningrate-init 0.0008
2017-12-07 13:51:24 ...end
2017-12-07 13:51:24 python main.py --input-embedding 'random' --embedding-size 50 --input-grain single --output-grain multi --train-steps 10001 --learningrate-init 0.0008
2017-12-07 13:56:48 ...end
2017-12-07 13:56:48 python main.py --input-embedding 'random' --embedding-size 100 --input-grain single --output-grain multi --train-steps 10001 --learningrate-init 0.0008
2017-12-07 14:02:07 ...end
2017-12-07 14:02:07 python main.py --input-embedding 'random' --embedding-size 200 --input-grain single --output-grain multi --train-steps 10001 --learningrate-init 0.0008
2017-12-07 14:07:48 ...end
2017-12-07 14:07:48 python main.py --input-embedding 'one_hot' --train-steps 10001 --learningrate-init 0.0008
2017-12-07 14:13:27 ...end
2017-12-07 14:13:27 python main.py --input-embedding 'random' --embedding-size 50 --input-grain multi --output-grain single --train-steps 10001 --learningrate-init 0.0008
2017-12-07 14:18:48 ...end
2017-12-07 14:18:48 python main.py --input-embedding 'random' --embedding-size 100 --input-grain multi --output-grain single --train-steps 10001 --learningrate-init 0.0008
2017-12-07 14:24:08 ...end
2017-12-07 14:24:08 python main.py --input-embedding 'random' --embedding-size 200 --input-grain multi --output-grain single --train-steps 10001 --learningrate-init 0.0008
2017-12-07 14:29:47 ...end
2017-12-07 14:29:47 python main.py --input-embedding 'one_hot' --train-steps 10001 --learningrate-init 0.0008
2017-12-07 14:35:29 ...end
2017-12-07 14:35:29 python main.py --input-embedding 'random' --embedding-size 50 --input-grain multi --output-grain multi --train-steps 10001 --learningrate-init 0.0008
2017-12-07 14:40:43 ...end
2017-12-07 14:40:43 python main.py --input-embedding 'random' --embedding-size 100 --input-grain multi --output-grain multi --train-steps 10001 --learningrate-init 0.0008
2017-12-07 14:46:04 ...end
2017-12-07 14:46:04 python main.py --input-embedding 'random' --embedding-size 200 --input-grain multi --output-grain multi --train-steps 10001 --learningrate-init 0.0008
2017-12-07 14:51:46 ...end
2017-12-07 14:51:46 python main.py --input-embedding 'one_hot' --train-steps 10001 --learningrate-init 0.001
2017-12-07 14:57:22 ...end
2017-12-07 14:57:22 python main.py --input-embedding 'random' --embedding-size 50 --input-grain single --output-grain single --train-steps 10001 --learningrate-init 0.001
2017-12-07 15:02:33 ...end
2017-12-07 15:02:33 python main.py --input-embedding 'random' --embedding-size 100 --input-grain single --output-grain single --train-steps 10001 --learningrate-init 0.001
2017-12-07 15:07:57 ...end
2017-12-07 15:07:58 python main.py --input-embedding 'random' --embedding-size 200 --input-grain single --output-grain single --train-steps 10001 --learningrate-init 0.001
2017-12-07 15:13:40 ...end
2017-12-07 15:13:40 python main.py --input-embedding 'one_hot' --train-steps 10001 --learningrate-init 0.001
2017-12-07 15:19:27 ...end
2017-12-07 15:19:27 python main.py --input-embedding 'random' --embedding-size 50 --input-grain single --output-grain multi --train-steps 10001 --learningrate-init 0.001
2017-12-07 15:24:43 ...end
2017-12-07 15:24:43 python main.py --input-embedding 'random' --embedding-size 100 --input-grain single --output-grain multi --train-steps 10001 --learningrate-init 0.001
2017-12-07 15:30:08 ...end
2017-12-07 15:30:08 python main.py --input-embedding 'random' --embedding-size 200 --input-grain single --output-grain multi --train-steps 10001 --learningrate-init 0.001
2017-12-07 15:35:54 ...end
2017-12-07 15:35:54 python main.py --input-embedding 'one_hot' --train-steps 10001 --learningrate-init 0.001
2017-12-07 15:41:36 ...end
2017-12-07 15:41:36 python main.py --input-embedding 'random' --embedding-size 50 --input-grain multi --output-grain single --train-steps 10001 --learningrate-init 0.001
2017-12-07 15:46:52 ...end
2017-12-07 15:46:52 python main.py --input-embedding 'random' --embedding-size 100 --input-grain multi --output-grain single --train-steps 10001 --learningrate-init 0.001
2017-12-07 15:52:16 ...end
2017-12-07 15:52:16 python main.py --input-embedding 'random' --embedding-size 200 --input-grain multi --output-grain single --train-steps 10001 --learningrate-init 0.001
2017-12-07 15:58:03 ...end
2017-12-07 15:58:03 python main.py --input-embedding 'one_hot' --train-steps 10001 --learningrate-init 0.001
2017-12-07 16:03:51 ...end
2017-12-07 16:03:51 python main.py --input-embedding 'random' --embedding-size 50 --input-grain multi --output-grain multi --train-steps 10001 --learningrate-init 0.001
2017-12-07 16:09:18 ...end
2017-12-07 16:09:18 python main.py --input-embedding 'random' --embedding-size 100 --input-grain multi --output-grain multi --train-steps 10001 --learningrate-init 0.001
2017-12-07 16:15:11 ...end
2017-12-07 16:15:11 python main.py --input-embedding 'random' --embedding-size 200 --input-grain multi --output-grain multi --train-steps 10001 --learningrate-init 0.001
2017-12-07 16:21:04 ...end
2017-12-07 16:21:04 python main.py --input-embedding 'one_hot' --train-steps 10001 --learningrate-init 0.01
2017-12-07 16:26:52 ...end
2017-12-07 16:26:52 python main.py --input-embedding 'random' --embedding-size 50 --input-grain single --output-grain single --train-steps 10001 --learningrate-init 0.01
2017-12-07 16:32:25 ...end
2017-12-07 16:32:25 python main.py --input-embedding 'random' --embedding-size 100 --input-grain single --output-grain single --train-steps 10001 --learningrate-init 0.01
2017-12-07 16:38:08 ...end
2017-12-07 16:38:08 python main.py --input-embedding 'random' --embedding-size 200 --input-grain single --output-grain single --train-steps 10001 --learningrate-init 0.01
2017-12-07 16:46:35 ...end
2017-12-07 16:46:35 python main.py --input-embedding 'one_hot' --train-steps 10001 --learningrate-init 0.01
2017-12-07 16:54:59 ...end
2017-12-07 16:54:59 python main.py --input-embedding 'random' --embedding-size 50 --input-grain single --output-grain multi --train-steps 10001 --learningrate-init 0.01
2017-12-07 17:02:32 ...end
2017-12-07 17:02:32 python main.py --input-embedding 'random' --embedding-size 100 --input-grain single --output-grain multi --train-steps 10001 --learningrate-init 0.01
2017-12-07 17:10:48 ...end
2017-12-07 17:10:48 python main.py --input-embedding 'random' --embedding-size 200 --input-grain single --output-grain multi --train-steps 10001 --learningrate-init 0.01
2017-12-07 17:19:19 ...end
2017-12-07 17:19:19 python main.py --input-embedding 'one_hot' --train-steps 10001 --learningrate-init 0.01
2017-12-07 17:28:00 ...end
2017-12-07 17:28:00 python main.py --input-embedding 'random' --embedding-size 50 --input-grain multi --output-grain single --train-steps 10001 --learningrate-init 0.01
2017-12-07 17:36:51 ...end
2017-12-07 17:36:51 python main.py --input-embedding 'random' --embedding-size 100 --input-grain multi --output-grain single --train-steps 10001 --learningrate-init 0.01
2017-12-07 17:45:17 ...end
2017-12-07 17:45:17 python main.py --input-embedding 'random' --embedding-size 200 --input-grain multi --output-grain single --train-steps 10001 --learningrate-init 0.01
2017-12-07 17:54:45 ...end
2017-12-07 17:54:45 python main.py --input-embedding 'one_hot' --train-steps 10001 --learningrate-init 0.01
2017-12-07 18:04:15 ...end
2017-12-07 18:04:15 python main.py --input-embedding 'random' --embedding-size 50 --input-grain multi --output-grain multi --train-steps 10001 --learningrate-init 0.01
2017-12-07 18:12:32 ...end
2017-12-07 18:12:32 python main.py --input-embedding 'random' --embedding-size 100 --input-grain multi --output-grain multi --train-steps 10001 --learningrate-init 0.01
2017-12-07 18:21:03 ...end
2017-12-07 18:21:03 python main.py --input-embedding 'random' --embedding-size 200 --input-grain multi --output-grain multi --train-steps 10001 --learningrate-init 0.01
2017-12-07 18:30:16 ...end
2017-12-07 18:30:16 python main.py --input-embedding 'one_hot' --train-steps 10001 --learningrate-init 0.1
2017-12-07 18:39:31 ...end
2017-12-07 18:39:31 python main.py --input-embedding 'random' --embedding-size 50 --input-grain single --output-grain single --train-steps 10001 --learningrate-init 0.1
2017-12-07 18:47:47 ...end
2017-12-07 18:47:47 python main.py --input-embedding 'random' --embedding-size 100 --input-grain single --output-grain single --train-steps 10001 --learningrate-init 0.1
2017-12-07 18:56:11 ...end
2017-12-07 18:56:11 python main.py --input-embedding 'random' --embedding-size 200 --input-grain single --output-grain single --train-steps 10001 --learningrate-init 0.1
2017-12-07 19:05:24 ...end
2017-12-07 19:05:24 python main.py --input-embedding 'one_hot' --train-steps 10001 --learningrate-init 0.1
2017-12-07 19:14:43 ...end
2017-12-07 19:14:43 python main.py --input-embedding 'random' --embedding-size 50 --input-grain single --output-grain multi --train-steps 10001 --learningrate-init 0.1
2017-12-07 19:23:06 ...end
2017-12-07 19:23:06 python main.py --input-embedding 'random' --embedding-size 100 --input-grain single --output-grain multi --train-steps 10001 --learningrate-init 0.1
2017-12-07 19:31:34 ...end
2017-12-07 19:31:34 python main.py --input-embedding 'random' --embedding-size 200 --input-grain single --output-grain multi --train-steps 10001 --learningrate-init 0.1
2017-12-07 19:40:43 ...end
2017-12-07 19:40:43 python main.py --input-embedding 'one_hot' --train-steps 10001 --learningrate-init 0.1
2017-12-07 19:49:50 ...end
2017-12-07 19:49:50 python main.py --input-embedding 'random' --embedding-size 50 --input-grain multi --output-grain single --train-steps 10001 --learningrate-init 0.1
2017-12-07 19:58:12 ...end
2017-12-07 19:58:12 python main.py --input-embedding 'random' --embedding-size 100 --input-grain multi --output-grain single --train-steps 10001 --learningrate-init 0.1
2017-12-07 20:06:32 ...end
2017-12-07 20:06:32 python main.py --input-embedding 'random' --embedding-size 200 --input-grain multi --output-grain single --train-steps 10001 --learningrate-init 0.1
2017-12-07 20:15:23 ...end
2017-12-07 20:15:23 python main.py --input-embedding 'one_hot' --train-steps 10001 --learningrate-init 0.1
2017-12-07 20:23:49 ...end
2017-12-07 20:23:49 python main.py --input-embedding 'random' --embedding-size 50 --input-grain multi --output-grain multi --train-steps 10001 --learningrate-init 0.1
2017-12-07 20:32:03 ...end
2017-12-07 20:32:03 python main.py --input-embedding 'random' --embedding-size 100 --input-grain multi --output-grain multi --train-steps 10001 --learningrate-init 0.1
2017-12-07 20:40:32 ...end
2017-12-07 20:40:32 python main.py --input-embedding 'random' --embedding-size 200 --input-grain multi --output-grain multi --train-steps 10001 --learningrate-init 0.1
2017-12-07 20:49:28 ...end
2017-12-07 20:49:28 python main.py --input-embedding 'one_hot' --train-steps 10001 --learningrate-final 0.0001
2017-12-07 20:58:13 ...end
2017-12-07 20:58:13 python main.py --input-embedding 'random' --embedding-size 50 --input-grain single --output-grain single --train-steps 10001 --learningrate-final 0.0001
2017-12-07 21:06:30 ...end
2017-12-07 21:06:30 python main.py --input-embedding 'random' --embedding-size 100 --input-grain single --output-grain single --train-steps 10001 --learningrate-final 0.0001
2017-12-07 21:14:40 ...end
2017-12-07 21:14:40 python main.py --input-embedding 'random' --embedding-size 200 --input-grain single --output-grain single --train-steps 10001 --learningrate-final 0.0001
2017-12-07 21:23:41 ...end
2017-12-07 21:23:41 python main.py --input-embedding 'one_hot' --train-steps 10001 --learningrate-final 0.0001
2017-12-07 21:32:53 ...end
2017-12-07 21:32:53 python main.py --input-embedding 'random' --embedding-size 50 --input-grain single --output-grain multi --train-steps 10001 --learningrate-final 0.0001
2017-12-07 21:40:45 ...end
2017-12-07 21:40:45 python main.py --input-embedding 'random' --embedding-size 100 --input-grain single --output-grain multi --train-steps 10001 --learningrate-final 0.0001
2017-12-07 21:49:06 ...end
2017-12-07 21:49:06 python main.py --input-embedding 'random' --embedding-size 200 --input-grain single --output-grain multi --train-steps 10001 --learningrate-final 0.0001
2017-12-07 21:58:37 ...end
2017-12-07 21:58:37 python main.py --input-embedding 'one_hot' --train-steps 10001 --learningrate-final 0.0001
2017-12-07 22:08:18 ...end
2017-12-07 22:08:18 python main.py --input-embedding 'random' --embedding-size 50 --input-grain multi --output-grain single --train-steps 10001 --learningrate-final 0.0001
2017-12-07 22:16:16 ...end
2017-12-07 22:16:16 python main.py --input-embedding 'random' --embedding-size 100 --input-grain multi --output-grain single --train-steps 10001 --learningrate-final 0.0001
2017-12-07 22:25:47 ...end
2017-12-07 22:25:47 python main.py --input-embedding 'random' --embedding-size 200 --input-grain multi --output-grain single --train-steps 10001 --learningrate-final 0.0001
2017-12-07 22:35:50 ...end
2017-12-07 22:35:50 python main.py --input-embedding 'one_hot' --train-steps 10001 --learningrate-final 0.0001
2017-12-07 22:44:18 ...end
2017-12-07 22:44:18 python main.py --input-embedding 'random' --embedding-size 50 --input-grain multi --output-grain multi --train-steps 10001 --learningrate-final 0.0001
2017-12-07 22:51:49 ...end
2017-12-07 22:51:49 python main.py --input-embedding 'random' --embedding-size 100 --input-grain multi --output-grain multi --train-steps 10001 --learningrate-final 0.0001
2017-12-07 22:59:23 ...end
2017-12-07 22:59:23 python main.py --input-embedding 'random' --embedding-size 200 --input-grain multi --output-grain multi --train-steps 10001 --learningrate-final 0.0001
2017-12-07 23:07:35 ...end
2017-12-07 23:07:35 python main.py --input-embedding 'one_hot' --train-steps 10001 --learningrate-final 0.00001
2017-12-07 23:15:31 ...end
2017-12-07 23:15:31 python main.py --input-embedding 'random' --embedding-size 50 --input-grain single --output-grain single --train-steps 10001 --learningrate-final 0.00001
2017-12-07 23:23:10 ...end
2017-12-07 23:23:10 python main.py --input-embedding 'random' --embedding-size 100 --input-grain single --output-grain single --train-steps 10001 --learningrate-final 0.00001
2017-12-07 23:31:04 ...end
2017-12-07 23:31:04 python main.py --input-embedding 'random' --embedding-size 200 --input-grain single --output-grain single --train-steps 10001 --learningrate-final 0.00001
2017-12-07 23:39:40 ...end
2017-12-07 23:39:40 python main.py --input-embedding 'one_hot' --train-steps 10001 --learningrate-final 0.00001
2017-12-07 23:48:19 ...end
2017-12-07 23:48:19 python main.py --input-embedding 'random' --embedding-size 50 --input-grain single --output-grain multi --train-steps 10001 --learningrate-final 0.00001
2017-12-07 23:55:57 ...end
2017-12-07 23:55:57 python main.py --input-embedding 'random' --embedding-size 100 --input-grain single --output-grain multi --train-steps 10001 --learningrate-final 0.00001
2017-12-08 00:03:52 ...end
2017-12-08 00:03:52 python main.py --input-embedding 'random' --embedding-size 200 --input-grain single --output-grain multi --train-steps 10001 --learningrate-final 0.00001
2017-12-08 00:12:23 ...end
2017-12-08 00:12:23 python main.py --input-embedding 'one_hot' --train-steps 10001 --learningrate-final 0.00001
2017-12-08 00:21:07 ...end
2017-12-08 00:21:08 python main.py --input-embedding 'random' --embedding-size 50 --input-grain multi --output-grain single --train-steps 10001 --learningrate-final 0.00001
2017-12-08 00:29:15 ...end
2017-12-08 00:29:15 python main.py --input-embedding 'random' --embedding-size 100 --input-grain multi --output-grain single --train-steps 10001 --learningrate-final 0.00001
2017-12-08 00:36:58 ...end
2017-12-08 00:36:58 python main.py --input-embedding 'random' --embedding-size 200 --input-grain multi --output-grain single --train-steps 10001 --learningrate-final 0.00001
2017-12-08 00:45:23 ...end
2017-12-08 00:45:23 python main.py --input-embedding 'one_hot' --train-steps 10001 --learningrate-final 0.00001
2017-12-08 00:53:48 ...end
2017-12-08 00:53:48 python main.py --input-embedding 'random' --embedding-size 50 --input-grain multi --output-grain multi --train-steps 10001 --learningrate-final 0.00001
2017-12-08 01:01:46 ...end
2017-12-08 01:01:46 python main.py --input-embedding 'random' --embedding-size 100 --input-grain multi --output-grain multi --train-steps 10001 --learningrate-final 0.00001
2017-12-08 01:10:00 ...end
2017-12-08 01:10:00 python main.py --input-embedding 'random' --embedding-size 200 --input-grain multi --output-grain multi --train-steps 10001 --learningrate-final 0.00001
2017-12-08 01:18:43 ...end
2017-12-08 01:18:43 python main.py --input-embedding 'one_hot' --train-steps 10001 --learningrate-final 0.000001
2017-12-08 01:27:19 ...end
2017-12-08 01:27:19 python main.py --input-embedding 'random' --embedding-size 50 --input-grain single --output-grain single --train-steps 10001 --learningrate-final 0.000001
2017-12-08 01:35:19 ...end
2017-12-08 01:35:19 python main.py --input-embedding 'random' --embedding-size 100 --input-grain single --output-grain single --train-steps 10001 --learningrate-final 0.000001
2017-12-08 01:43:30 ...end
2017-12-08 01:43:30 python main.py --input-embedding 'random' --embedding-size 200 --input-grain single --output-grain single --train-steps 10001 --learningrate-final 0.000001
2017-12-08 01:52:14 ...end
2017-12-08 01:52:14 python main.py --input-embedding 'one_hot' --train-steps 10001 --learningrate-final 0.000001
2017-12-08 02:01:08 ...end
2017-12-08 02:01:08 python main.py --input-embedding 'random' --embedding-size 50 --input-grain single --output-grain multi --train-steps 10001 --learningrate-final 0.000001
2017-12-08 02:09:22 ...end
2017-12-08 02:09:22 python main.py --input-embedding 'random' --embedding-size 100 --input-grain single --output-grain multi --train-steps 10001 --learningrate-final 0.000001
2017-12-08 02:17:58 ...end
2017-12-08 02:17:58 python main.py --input-embedding 'random' --embedding-size 200 --input-grain single --output-grain multi --train-steps 10001 --learningrate-final 0.000001
2017-12-08 02:27:16 ...end
2017-12-08 02:27:16 python main.py --input-embedding 'one_hot' --train-steps 10001 --learningrate-final 0.000001
2017-12-08 02:36:15 ...end
2017-12-08 02:36:15 python main.py --input-embedding 'random' --embedding-size 50 --input-grain multi --output-grain single --train-steps 10001 --learningrate-final 0.000001
2017-12-08 02:44:28 ...end
2017-12-08 02:44:28 python main.py --input-embedding 'random' --embedding-size 100 --input-grain multi --output-grain single --train-steps 10001 --learningrate-final 0.000001
2017-12-08 02:52:50 ...end
2017-12-08 02:52:50 python main.py --input-embedding 'random' --embedding-size 200 --input-grain multi --output-grain single --train-steps 10001 --learningrate-final 0.000001
2017-12-08 03:02:00 ...end
2017-12-08 03:02:00 python main.py --input-embedding 'one_hot' --train-steps 10001 --learningrate-final 0.000001
2017-12-08 03:10:31 ...end
2017-12-08 03:10:31 python main.py --input-embedding 'random' --embedding-size 50 --input-grain multi --output-grain multi --train-steps 10001 --learningrate-final 0.000001
2017-12-08 03:18:32 ...end
2017-12-08 03:18:32 python main.py --input-embedding 'random' --embedding-size 100 --input-grain multi --output-grain multi --train-steps 10001 --learningrate-final 0.000001
2017-12-08 03:26:54 ...end
2017-12-08 03:26:54 python main.py --input-embedding 'random' --embedding-size 200 --input-grain multi --output-grain multi --train-steps 10001 --learningrate-final 0.000001
2017-12-08 03:35:15 ...end
